I, [2013-05-11T02:03:44.144352 #10116]  INFO -- Kitchen: -----> Starting Kitchen
I, [2013-05-11T02:03:44.146911 #10116]  INFO -- Kitchen: -----> Creating <example-precise>
I, [2013-05-11T02:03:45.954468 #10116]  INFO -- Kitchen: -----> Kitchen is finished. (0m1.81s)
I, [2013-05-11T02:03:53.165190 #10504]  INFO -- Kitchen: -----> Starting Kitchen
I, [2013-05-11T02:03:53.167848 #10504]  INFO -- Kitchen: -----> Converging <example-precise>
E, [2013-05-11T02:06:59.974322 #10504] ERROR -- Kitchen: Converge failed on instance <example-precise>.
I, [2013-05-11T02:24:19.435605 #14075]  INFO -- Kitchen: -----> Starting Kitchen
I, [2013-05-11T02:24:19.438142 #14075]  INFO -- Kitchen: -----> Creating <graphite-runit-precise>
I, [2013-05-11T02:24:24.288683 #14075]  INFO -- Kitchen: -----> Converging <graphite-runit-precise>
E, [2013-05-11T02:24:25.403111 #14075] ERROR -- Kitchen: ------Exception-------
E, [2013-05-11T02:24:25.403150 #14075] ERROR -- Kitchen: Class: Kitchen::ActionFailed
E, [2013-05-11T02:24:25.403171 #14075] ERROR -- Kitchen: Message: Failed to complete #converge action: [can't convert nil into String]
E, [2013-05-11T02:24:25.403193 #14075] ERROR -- Kitchen: ---Nested Exception---
E, [2013-05-11T02:24:25.403213 #14075] ERROR -- Kitchen: Class: TypeError
E, [2013-05-11T02:24:25.403232 #14075] ERROR -- Kitchen: Message: can't convert nil into String
E, [2013-05-11T02:24:25.403252 #14075] ERROR -- Kitchen: ------Backtrace-------
E, [2013-05-11T02:24:25.403272 #14075] ERROR -- Kitchen: /tmp/graphite/ruby/1.9.1/bundler/gems/test-kitchen-1dc4a6681e28/lib/kitchen/instance.rb:273:in `action'
E, [2013-05-11T02:24:25.403291 #14075] ERROR -- Kitchen: /tmp/graphite/ruby/1.9.1/bundler/gems/test-kitchen-1dc4a6681e28/lib/kitchen/instance.rb:249:in `perform_action'
E, [2013-05-11T02:24:25.403311 #14075] ERROR -- Kitchen: /tmp/graphite/ruby/1.9.1/bundler/gems/test-kitchen-1dc4a6681e28/lib/kitchen/instance.rb:232:in `converge_action'
E, [2013-05-11T02:24:25.403331 #14075] ERROR -- Kitchen: /tmp/graphite/ruby/1.9.1/bundler/gems/test-kitchen-1dc4a6681e28/lib/kitchen/instance.rb:222:in `block in transition_to'
E, [2013-05-11T02:24:25.403352 #14075] ERROR -- Kitchen: /tmp/graphite/ruby/1.9.1/bundler/gems/test-kitchen-1dc4a6681e28/lib/kitchen/instance.rb:221:in `each'
E, [2013-05-11T02:24:25.403372 #14075] ERROR -- Kitchen: /tmp/graphite/ruby/1.9.1/bundler/gems/test-kitchen-1dc4a6681e28/lib/kitchen/instance.rb:221:in `transition_to'
E, [2013-05-11T02:24:25.403394 #14075] ERROR -- Kitchen: /tmp/graphite/ruby/1.9.1/bundler/gems/test-kitchen-1dc4a6681e28/lib/kitchen/instance.rb:121:in `converge'
E, [2013-05-11T02:24:25.403414 #14075] ERROR -- Kitchen: /tmp/graphite/ruby/1.9.1/bundler/gems/test-kitchen-1dc4a6681e28/lib/kitchen/cli.rb:258:in `public_send'
E, [2013-05-11T02:24:25.403433 #14075] ERROR -- Kitchen: /tmp/graphite/ruby/1.9.1/bundler/gems/test-kitchen-1dc4a6681e28/lib/kitchen/cli.rb:258:in `block in run_serial'
E, [2013-05-11T02:24:25.403454 #14075] ERROR -- Kitchen: /tmp/graphite/ruby/1.9.1/bundler/gems/test-kitchen-1dc4a6681e28/lib/kitchen/cli.rb:258:in `map'
E, [2013-05-11T02:24:25.403474 #14075] ERROR -- Kitchen: /tmp/graphite/ruby/1.9.1/bundler/gems/test-kitchen-1dc4a6681e28/lib/kitchen/cli.rb:258:in `run_serial'
E, [2013-05-11T02:24:25.403494 #14075] ERROR -- Kitchen: /tmp/graphite/ruby/1.9.1/bundler/gems/test-kitchen-1dc4a6681e28/lib/kitchen/cli.rb:252:in `block in exec_action'
E, [2013-05-11T02:24:25.403514 #14075] ERROR -- Kitchen: /usr/lib/ruby/1.9.1/benchmark.rb:280:in `measure'
E, [2013-05-11T02:24:25.403533 #14075] ERROR -- Kitchen: /tmp/graphite/ruby/1.9.1/bundler/gems/test-kitchen-1dc4a6681e28/lib/kitchen/cli.rb:249:in `exec_action'
E, [2013-05-11T02:24:25.403553 #14075] ERROR -- Kitchen: /tmp/graphite/ruby/1.9.1/bundler/gems/test-kitchen-1dc4a6681e28/lib/kitchen/cli.rb:75:in `block (2 levels) in <class:CLI>'
E, [2013-05-11T02:24:25.403574 #14075] ERROR -- Kitchen: /tmp/graphite/ruby/1.9.1/gems/thor-0.16.0/lib/thor/task.rb:27:in `run'
E, [2013-05-11T02:24:25.403593 #14075] ERROR -- Kitchen: /tmp/graphite/ruby/1.9.1/gems/thor-0.16.0/lib/thor/invocation.rb:120:in `invoke_task'
E, [2013-05-11T02:24:25.403617 #14075] ERROR -- Kitchen: /tmp/graphite/ruby/1.9.1/bundler/gems/test-kitchen-1dc4a6681e28/lib/kitchen/cli.rb:232:in `invoke_task'
E, [2013-05-11T02:24:25.403639 #14075] ERROR -- Kitchen: /tmp/graphite/ruby/1.9.1/gems/thor-0.16.0/lib/thor.rb:275:in `dispatch'
E, [2013-05-11T02:24:25.403659 #14075] ERROR -- Kitchen: /tmp/graphite/ruby/1.9.1/gems/thor-0.16.0/lib/thor/base.rb:425:in `start'
E, [2013-05-11T02:24:25.403678 #14075] ERROR -- Kitchen: /tmp/graphite/ruby/1.9.1/bundler/gems/test-kitchen-1dc4a6681e28/bin/kitchen:13:in `block in <top (required)>'
E, [2013-05-11T02:24:25.403699 #14075] ERROR -- Kitchen: /tmp/graphite/ruby/1.9.1/bundler/gems/test-kitchen-1dc4a6681e28/lib/kitchen/errors.rb:78:in `with_friendly_errors'
E, [2013-05-11T02:24:25.403718 #14075] ERROR -- Kitchen: /tmp/graphite/ruby/1.9.1/bundler/gems/test-kitchen-1dc4a6681e28/bin/kitchen:13:in `<top (required)>'
E, [2013-05-11T02:24:25.403737 #14075] ERROR -- Kitchen: /tmp/graphite/ruby/1.9.1/bin/kitchen:19:in `load'
E, [2013-05-11T02:24:25.403757 #14075] ERROR -- Kitchen: /tmp/graphite/ruby/1.9.1/bin/kitchen:19:in `<main>'
E, [2013-05-11T02:24:25.403776 #14075] ERROR -- Kitchen: ----------------------
I, [2013-05-11T02:24:28.499043 #14528]  INFO -- Kitchen: -----> Starting Kitchen
I, [2013-05-11T02:24:28.502163 #14528]  INFO -- Kitchen: -----> Destroying <graphite-runit-precise>
I, [2013-05-11T02:24:29.722120 #14528]  INFO -- Kitchen: -----> Destroying <carbonplusgraphite-runit-precise>
I, [2013-05-11T02:24:29.722632 #14528]  INFO -- Kitchen: -----> Destroying <example-precise>
I, [2013-05-11T02:24:31.676567 #14528]  INFO -- Kitchen: -----> Kitchen is finished. (0m3.18s)
I, [2013-05-11T02:24:33.179295 #14624]  INFO -- Kitchen: -----> Starting Kitchen
I, [2013-05-11T02:24:33.181801 #14624]  INFO -- Kitchen: -----> Creating <example-precise>
I, [2013-05-11T02:24:38.084253 #14624]  INFO -- Kitchen: -----> Kitchen is finished. (0m4.90s)
I, [2013-05-11T02:24:38.555288 #15021]  INFO -- Kitchen: -----> Starting Kitchen
I, [2013-05-11T02:24:38.557894 #15021]  INFO -- Kitchen: -----> Converging <example-precise>
I, [2013-05-11T02:27:41.686679 #15021]  INFO -- Kitchen: -----> Kitchen is finished. (3m3.13s)
I, [2013-05-11T02:28:38.650843 #17532]  INFO -- Kitchen: -----> Starting Kitchen
I, [2013-05-11T02:28:38.653515 #17532]  INFO -- Kitchen: -----> Setting up <example-precise>
I, [2013-05-11T02:28:48.218123 #17532]  INFO -- Kitchen: -----> Verifying <example-precise>
E, [2013-05-11T02:28:50.576400 #17532] ERROR -- Kitchen: Verify failed on instance <example-precise>.
I, [2013-05-11T02:33:36.407607 #18668]  INFO -- Kitchen: -----> Starting Kitchen
I, [2013-05-11T02:33:36.410174 #18668]  INFO -- Kitchen: -----> Destroying <graphite-runit-precise>
I, [2013-05-11T02:33:36.415087 #18668]  INFO -- Kitchen: -----> Destroying <carbonplusgraphite-runit-precise>
I, [2013-05-11T02:33:36.415640 #18668]  INFO -- Kitchen: -----> Destroying <example-precise>
I, [2013-05-11T02:33:38.276495 #18668]  INFO -- Kitchen: -----> Kitchen is finished. (0m1.87s)
I, [2013-05-11T02:33:58.268241 #18800]  INFO -- Kitchen: -----> Starting Kitchen
I, [2013-05-11T02:33:58.270774 #18800]  INFO -- Kitchen: -----> Cleaning up any prior instances of <example-precise>
I, [2013-05-11T02:33:58.270902 #18800]  INFO -- Kitchen: -----> Destroying <example-precise>
I, [2013-05-11T02:33:58.275761 #18800]  INFO -- Kitchen: -----> Testing <example-precise>
I, [2013-05-11T02:33:58.275847 #18800]  INFO -- Kitchen: -----> Creating <example-precise>
I, [2013-05-11T02:34:03.087748 #18800]  INFO -- Kitchen: -----> Converging <example-precise>
I, [2013-05-11T02:37:04.604415 #18800]  INFO -- Kitchen: -----> Setting up <example-precise>
I, [2013-05-11T02:37:10.455296 #18800]  INFO -- Kitchen: -----> Verifying <example-precise>
I, [2013-05-11T02:37:13.154072 #18800]  INFO -- Kitchen: -----> Destroying <example-precise>
I, [2013-05-11T02:37:14.646202 #18800]  INFO -- Kitchen: -----> Kitchen is finished. (3m16.38s)
I, [2013-05-11T02:40:20.440449 #22150]  INFO -- Kitchen: -----> Starting Kitchen
I, [2013-05-11T02:40:20.443012 #22150]  INFO -- Kitchen: -----> Cleaning up any prior instances of <graphite-runit-precise>
I, [2013-05-11T02:40:20.443164 #22150]  INFO -- Kitchen: -----> Destroying <graphite-runit-precise>
I, [2013-05-11T02:40:20.448308 #22150]  INFO -- Kitchen: -----> Testing <graphite-runit-precise>
I, [2013-05-11T02:40:20.448431 #22150]  INFO -- Kitchen: -----> Creating <graphite-runit-precise>
I, [2013-05-11T02:40:25.453294 #22150]  INFO -- Kitchen: -----> Converging <graphite-runit-precise>
I, [2013-05-11T02:43:12.955097 #22150]  INFO -- Kitchen: -----> Setting up <graphite-runit-precise>
I, [2013-05-11T02:43:19.016490 #22150]  INFO -- Kitchen: -----> Verifying <graphite-runit-precise>
E, [2013-05-11T02:43:20.724708 #22150] ERROR -- Kitchen: Verify failed on instance <graphite-runit-precise>.
I, [2013-05-11T02:44:05.810896 #25185]  INFO -- Kitchen: -----> Starting Kitchen
I, [2013-05-11T02:44:05.813404 #25185]  INFO -- Kitchen: -----> Cleaning up any prior instances of <graphite-runit-precise>
I, [2013-05-11T02:44:05.813670 #25185]  INFO -- Kitchen: -----> Destroying <graphite-runit-precise>
I, [2013-05-11T02:44:07.387894 #25185]  INFO -- Kitchen: -----> Testing <graphite-runit-precise>
I, [2013-05-11T02:44:07.387987 #25185]  INFO -- Kitchen: -----> Creating <graphite-runit-precise>
I, [2013-05-11T02:44:12.201786 #25185]  INFO -- Kitchen: -----> Converging <graphite-runit-precise>
I, [2013-05-11T02:47:03.959571 #25185]  INFO -- Kitchen: -----> Setting up <graphite-runit-precise>
I, [2013-05-11T02:47:09.499685 #25185]  INFO -- Kitchen: -----> Verifying <graphite-runit-precise>
I, [2013-05-11T02:47:11.533233 #25185]  INFO -- Kitchen: -----> Destroying <graphite-runit-precise>
I, [2013-05-11T02:47:13.312515 #25185]  INFO -- Kitchen: -----> Cleaning up any prior instances of <carbonplusgraphite-runit-precise>
I, [2013-05-11T02:47:13.312667 #25185]  INFO -- Kitchen: -----> Destroying <carbonplusgraphite-runit-precise>
I, [2013-05-11T02:47:13.313089 #25185]  INFO -- Kitchen: -----> Testing <carbonplusgraphite-runit-precise>
I, [2013-05-11T02:47:13.313209 #25185]  INFO -- Kitchen: -----> Creating <carbonplusgraphite-runit-precise>
I, [2013-05-11T02:47:18.131970 #25185]  INFO -- Kitchen: -----> Converging <carbonplusgraphite-runit-precise>
I, [2013-05-11T02:50:33.900703 #25185]  INFO -- Kitchen: -----> Setting up <carbonplusgraphite-runit-precise>
I, [2013-05-11T02:50:39.702038 #25185]  INFO -- Kitchen: -----> Verifying <carbonplusgraphite-runit-precise>
I, [2013-05-11T02:50:42.391508 #25185]  INFO -- Kitchen: -----> Destroying <carbonplusgraphite-runit-precise>
I, [2013-05-11T02:50:44.202623 #25185]  INFO -- Kitchen: -----> Kitchen is finished. (6m38.39s)
